<?xml version="1.0" encoding="utf-8"?>
<test-run id="2" duration="0" testcasecount="0" total="0" passed="0" failed="0" inconclusive="0" skipped="0" result="Passed" start-time="2019-12-17T 14:46:34Z" end-time="2019-12-17T 14:46:35Z" />